Scenario #1:
A1
Scenario #2:
impossible
Scenario #3:
impossible
Scenario #4:
impossible
Scenario #5:
impossible
Scenario #6:
impossible
Scenario #7:
impossible
Scenario #8:
impossible
Scenario #9:
impossible
Scenario #10:
impossible
Scenario #11:
impossible
Scenario #12:
impossible
Scenario #13:
impossible
Scenario #14:
impossible
Scenario #15:
impossible
Scenario #16:
impossible
Scenario #17:
impossible
Scenario #18:
impossible
Scenario #19:
impossible
Scenario #20:
impossible
Scenario #21:
impossible
Scenario #22:
impossible
Scenario #23:
impossible
Scenario #24:
impossible
Scenario #25:
impossible
Scenario #26:
impossible
Scenario #27:
impossible
Scenario #28:
impossible
Scenario #29:
impossible
Scenario #30:
impossible
Scenario #31:
impossible
Scenario #32:
impossible
Scenario #33:
impossible
Scenario #34:
impossible
Scenario #35:
impossible
Scenario #36:
impossible
Scenario #37:
impossible
Scenario #38:
impossible
Scenario #39:
impossible
Scenario #40:
impossible
Scenario #41:
impossible
Scenario #42:
impossible
Scenario #43:
A1C2A3B1D2B3C1A2C3D1B2D3
Scenario #44:
impossible
Scenario #45:
impossible
Scenario #46:
A1B3D2F3G1E2G3F1E3G2E1C2A3B1C3A2C1D3B2D1F2
Scenario #47:
A1B3D2B1A3C2E3D1B2D3C1A2C3E2G1H3F2H1G3F1H2F3E1G2
Scenario #48:
impossible
Scenario #49:
impossible
Scenario #50:
A1B3C1A2B4C2A3C4B2A4C3B1
Scenario #51:
impossible
Scenario #52:
A1B3D4C2E1D3B4A2C1E2C3A4B2D1E3C4A3B1D2E4
Scenario #53:
A1B3D4C2B4A2C1E2F4D3E1F3D2B1A3C4B2A4C3E4F2D1E3F1
Scenario #54:
impossible
Scenario #55:
impossible
Scenario #56:
impossible
Scenario #57:
A1B3A5C4D2B1A3B5D4C2B4A2C1D3C5A4B2D1C3D5
Scenario #58:
A1B3A5C4B2A4C5E4D2B1A3B5D4E2C1A2B4D5C3D1E3C2E1D3E5
Scenario #59:
impossible
Scenario #60:
impossible
Scenario #61:
impossible
Scenario #62:
A1B3A5C6D4C2A3B5D6C4D2B1C3A2C1D3C5A6B4D5B6A4B2D1
Scenario #63:
impossible
Scenario #64:
impossible
Scenario #65:
A1B3C1A2C3B1A3C2B4A6C7B5A7C6A5B7C5A4B6C4B2
Scenario #66:
impossible
Scenario #67:
impossible
Scenario #68:
A1B3C1A2B4C2A3B5C7A8B6C8A7C6B8A6C5B7A5C4B2A4C3B1
Scenario #69:
impossible
Scenario #70:
impossible
Scenario #71:
impossible
Scenario #72:
impossible
Scenario #73:
impossible
Scenario #74:
impossible
Scenario #75:
impossible
Scenario #76:
impossible
Scenario #77:
impossible
Scenario #78:
impossible
Scenario #79:
impossible
Scenario #80:
impossible
Scenario #81:
impossible
Scenario #82:
impossible
Scenario #83:
impossible
Scenario #84:
impossible
Scenario #85:
impossible
Scenario #86:
impossible
Scenario #87:
impossible
Scenario #88:
impossible
Scenario #89:
impossible
Scenario #90:
impossible
Scenario #91:
impossible
Scenario #92:
impossible
